2022-03-11 19:08:00,461  INFO [main] 7Mind:53 - TC_7M_RE_001 : email button displayed
2022-03-11 19:08:00,644  INFO [main] 7Mind:55 - TC_7M_RE_001 : facebook button is displayed
2022-03-11 19:08:00,883  INFO [main] 7Mind:66 - TC_7M_RE_002 : Verified the Email button click action
2022-03-11 19:08:04,016  INFO [main] 7Mind:73 - TC_7M_RE_003 : Verified name field
2022-03-11 19:08:04,315  INFO [main] 7Mind:81 - because of this field have bugs we cannot automate so i am entering only valid value
2022-03-11 19:08:04,316  INFO [main] 7Mind:82 - TC_7M_RE_004 : Verified Entering name value
2022-03-11 19:08:04,971  INFO [main] 7Mind:91 - TC_7M_RE_005 : Verified Next button click action on name page
2022-03-11 19:08:08,070  INFO [main] 7Mind:100 - TC_7M_RE_006 : Verified email field
2022-03-11 19:08:08,968  INFO [main] 7Mind:109 - because of this field have bugs we cannot automate so i am entering only valid value
2022-03-11 19:08:08,968  INFO [main] 7Mind:110 - TC_7M_RE_007 : Verified email field
2022-03-11 19:08:09,640  INFO [main] 7Mind:120 - TC_7M_RE_007 : Verified Next button click action on email field page
2022-03-11 19:08:12,720  INFO [main] 7Mind:130 - TC_7M_RE_009 : Verified password field
2022-03-11 19:08:13,579  INFO [main] 7Mind:141 - because of this field have bugs we cannot automate so i am entering only valid value
2022-03-11 19:08:13,579  INFO [main] 7Mind:142 - TC_7M_RE_010 : Verified  Entering password value
2022-03-11 19:08:14,244  INFO [main] 7Mind:153 - TC_7M_RE_011 : VerifiedNext button click action on password field page
2022-03-11 19:08:29,927  INFO [main] 7Mind:48 - TC_7M_LO_001 : Verified Login button click action 
2022-03-11 19:08:30,304  INFO [main] 7Mind:58 - TC_7M_LO_002 : Verified Email and Facebook buttons to be present 
2022-03-11 19:08:32,983  INFO [main] 7Mind:70 - TC_7M_LO_003 : Verified the Email button click action
2022-03-11 19:08:33,636  INFO [main] 7Mind:79 - TC_7M_LO_004 : Verified email field
2022-03-11 19:08:34,499  INFO [main] 7Mind:88 - because of this field have bugs we cannot automate so i am entering only valid value
2022-03-11 19:08:34,500  INFO [main] 7Mind:89 - TC_7M_LO_005 : Verified email field
2022-03-11 19:08:35,582  INFO [main] 7Mind:99 - TC_7M_LO_006 : Verified Next button click action on email field page
2022-03-11 19:08:38,653  INFO [main] 7Mind:109 - TC_7M_LO_007 : Verified password field
2022-03-11 19:08:39,731  INFO [main] 7Mind:117 - because of this field have bugs we cannot automate so i am entering only valid value so skipping TC_7M_LO_008 
2022-03-11 19:08:39,731  INFO [main] 7Mind:118 - TC_7M_LO_008 &  TC_7M_LO_008 : Verified  Entering password value
2022-03-11 19:08:40,547 DEBUG [main] cache:45 - Couldn't find template in cache for "spark/spark.spa.ftl"("en_GB", UTF-8, parsed); will try to load it.
2022-03-11 19:08:40,547 DEBUG [main] cache:45 - TemplateLoader.findTemplateSource("spark/spark.spa_en_GB.ftl"): Not found
2022-03-11 19:08:40,547 DEBUG [main] cache:45 - TemplateLoader.findTemplateSource("spark/spark.spa_en.ftl"): Not found
2022-03-11 19:08:40,547 DEBUG [main] cache:45 - TemplateLoader.findTemplateSource("spark/spark.spa.ftl"): Found
2022-03-11 19:08:40,547 DEBUG [main] cache:45 - Loading template for "spark/spark.spa.ftl"("en_GB", UTF-8, parsed) from "jar:file:/C:/Users/mraje/.m2/repository/com/aventstack/extentreports/5.0.5/extentreports-5.0.5.jar!/com/aventstack/extentreports/templates/spark/spark.spa.ftl"
2022-03-11 19:08:40,617 DEBUG [main] cache:45 - Couldn't find template in cache for "commons/commons-variables.ftl"("en_GB", UTF-8, parsed); will try to load it.
2022-03-11 19:08:40,618 DEBUG [main] cache:45 - TemplateLoader.findTemplateSource("commons/commons-variables_en_GB.ftl"): Not found
2022-03-11 19:08:40,619 DEBUG [main] cache:45 - TemplateLoader.findTemplateSource("commons/commons-variables_en.ftl"): Not found
2022-03-11 19:08:40,619 DEBUG [main] cache:45 - TemplateLoader.findTemplateSource("commons/commons-variables.ftl"): Found
2022-03-11 19:08:40,619 DEBUG [main] cache:45 - Loading template for "commons/commons-variables.ftl"("en_GB", UTF-8, parsed) from "jar:file:/C:/Users/mraje/.m2/repository/com/aventstack/extentreports/5.0.5/extentreports-5.0.5.jar!/com/aventstack/extentreports/templates/commons/commons-variables.ftl"
2022-03-11 19:08:40,691 DEBUG [main] cache:45 - Couldn't find template in cache for "commons/commons-macros.ftl"("en_GB", UTF-8, parsed); will try to load it.
2022-03-11 19:08:40,692 DEBUG [main] cache:45 - TemplateLoader.findTemplateSource("commons/commons-macros_en_GB.ftl"): Not found
2022-03-11 19:08:40,692 DEBUG [main] cache:45 - TemplateLoader.findTemplateSource("commons/commons-macros_en.ftl"): Not found
2022-03-11 19:08:40,693 DEBUG [main] cache:45 - TemplateLoader.findTemplateSource("commons/commons-macros.ftl"): Found
2022-03-11 19:08:40,693 DEBUG [main] cache:45 - Loading template for "commons/commons-macros.ftl"("en_GB", UTF-8, parsed) from "jar:file:/C:/Users/mraje/.m2/repository/com/aventstack/extentreports/5.0.5/extentreports-5.0.5.jar!/com/aventstack/extentreports/templates/commons/commons-macros.ftl"
2022-03-11 19:08:40,697 DEBUG [main] cache:45 - Couldn't find template in cache for "spark/macros/attributes.ftl"("en_GB", UTF-8, parsed); will try to load it.
2022-03-11 19:08:40,698 DEBUG [main] cache:45 - TemplateLoader.findTemplateSource("spark/macros/attributes_en_GB.ftl"): Not found
2022-03-11 19:08:40,699 DEBUG [main] cache:45 - TemplateLoader.findTemplateSource("spark/macros/attributes_en.ftl"): Not found
2022-03-11 19:08:40,700 DEBUG [main] cache:45 - TemplateLoader.findTemplateSource("spark/macros/attributes.ftl"): Found
2022-03-11 19:08:40,700 DEBUG [main] cache:45 - Loading template for "spark/macros/attributes.ftl"("en_GB", UTF-8, parsed) from "jar:file:/C:/Users/mraje/.m2/repository/com/aventstack/extentreports/5.0.5/extentreports-5.0.5.jar!/com/aventstack/extentreports/templates/spark/macros/attributes.ftl"
2022-03-11 19:08:40,703 DEBUG [main] cache:45 - Couldn't find template in cache for "spark/macros/log.ftl"("en_GB", UTF-8, parsed); will try to load it.
2022-03-11 19:08:40,704 DEBUG [main] cache:45 - TemplateLoader.findTemplateSource("spark/macros/log_en_GB.ftl"): Not found
2022-03-11 19:08:40,705 DEBUG [main] cache:45 - TemplateLoader.findTemplateSource("spark/macros/log_en.ftl"): Not found
2022-03-11 19:08:40,705 DEBUG [main] cache:45 - TemplateLoader.findTemplateSource("spark/macros/log.ftl"): Found
2022-03-11 19:08:40,706 DEBUG [main] cache:45 - Loading template for "spark/macros/log.ftl"("en_GB", UTF-8, parsed) from "jar:file:/C:/Users/mraje/.m2/repository/com/aventstack/extentreports/5.0.5/extentreports-5.0.5.jar!/com/aventstack/extentreports/templates/spark/macros/log.ftl"
2022-03-11 19:08:40,708 DEBUG [main] cache:45 - Couldn't find template in cache for "spark/macros/recurse_nodes.ftl"("en_GB", UTF-8, parsed); will try to load it.
2022-03-11 19:08:40,709 DEBUG [main] cache:45 - TemplateLoader.findTemplateSource("spark/macros/recurse_nodes_en_GB.ftl"): Not found
2022-03-11 19:08:40,710 DEBUG [main] cache:45 - TemplateLoader.findTemplateSource("spark/macros/recurse_nodes_en.ftl"): Not found
2022-03-11 19:08:40,710 DEBUG [main] cache:45 - TemplateLoader.findTemplateSource("spark/macros/recurse_nodes.ftl"): Found
2022-03-11 19:08:40,710 DEBUG [main] cache:45 - Loading template for "spark/macros/recurse_nodes.ftl"("en_GB", UTF-8, parsed) from "jar:file:/C:/Users/mraje/.m2/repository/com/aventstack/extentreports/5.0.5/extentreports-5.0.5.jar!/com/aventstack/extentreports/templates/spark/macros/recurse_nodes.ftl"
2022-03-11 19:08:40,710 DEBUG [main] cache:45 - "spark/macros/log.ftl"("en_GB", UTF-8, parsed) cached copy not yet stale; using cached.
2022-03-11 19:08:40,710 DEBUG [main] cache:45 - Couldn't find template in cache for "spark/macros/attr-common.ftl"("en_GB", UTF-8, parsed); will try to load it.
2022-03-11 19:08:40,710 DEBUG [main] cache:45 - TemplateLoader.findTemplateSource("spark/macros/attr-common_en_GB.ftl"): Not found
2022-03-11 19:08:40,710 DEBUG [main] cache:45 - TemplateLoader.findTemplateSource("spark/macros/attr-common_en.ftl"): Not found
2022-03-11 19:08:40,710 DEBUG [main] cache:45 - TemplateLoader.findTemplateSource("spark/macros/attr-common.ftl"): Found
2022-03-11 19:08:40,710 DEBUG [main] cache:45 - Loading template for "spark/macros/attr-common.ftl"("en_GB", UTF-8, parsed) from "jar:file:/C:/Users/mraje/.m2/repository/com/aventstack/extentreports/5.0.5/extentreports-5.0.5.jar!/com/aventstack/extentreports/templates/spark/macros/attr-common.ftl"
2022-03-11 19:08:40,710 DEBUG [main] cache:45 - Couldn't find template in cache for "spark/partials/head.ftl"("en_GB", UTF-8, parsed); will try to load it.
2022-03-11 19:08:40,710 DEBUG [main] cache:45 - TemplateLoader.findTemplateSource("spark/partials/head_en_GB.ftl"): Not found
2022-03-11 19:08:40,710 DEBUG [main] cache:45 - TemplateLoader.findTemplateSource("spark/partials/head_en.ftl"): Not found
2022-03-11 19:08:40,710 DEBUG [main] cache:45 - TemplateLoader.findTemplateSource("spark/partials/head.ftl"): Found
2022-03-11 19:08:40,710 DEBUG [main] cache:45 - Loading template for "spark/partials/head.ftl"("en_GB", UTF-8, parsed) from "jar:file:/C:/Users/mraje/.m2/repository/com/aventstack/extentreports/5.0.5/extentreports-5.0.5.jar!/com/aventstack/extentreports/templates/spark/partials/head.ftl"
2022-03-11 19:08:40,726 DEBUG [main] cache:45 - Couldn't find template in cache for "commons/commons-inject-css.ftl"("en_GB", UTF-8, parsed); will try to load it.
2022-03-11 19:08:40,726 DEBUG [main] cache:45 - TemplateLoader.findTemplateSource("commons/commons-inject-css_en_GB.ftl"): Not found
2022-03-11 19:08:40,726 DEBUG [main] cache:45 - TemplateLoader.findTemplateSource("commons/commons-inject-css_en.ftl"): Not found
2022-03-11 19:08:40,726 DEBUG [main] cache:45 - TemplateLoader.findTemplateSource("commons/commons-inject-css.ftl"): Found
2022-03-11 19:08:40,726 DEBUG [main] cache:45 - Loading template for "commons/commons-inject-css.ftl"("en_GB", UTF-8, parsed) from "jar:file:/C:/Users/mraje/.m2/repository/com/aventstack/extentreports/5.0.5/extentreports-5.0.5.jar!/com/aventstack/extentreports/templates/commons/commons-inject-css.ftl"
2022-03-11 19:08:40,726 DEBUG [main] cache:45 - Couldn't find template in cache for "spark/partials/navbar.ftl"("en_GB", UTF-8, parsed); will try to load it.
2022-03-11 19:08:40,726 DEBUG [main] cache:45 - TemplateLoader.findTemplateSource("spark/partials/navbar_en_GB.ftl"): Not found
2022-03-11 19:08:40,726 DEBUG [main] cache:45 - TemplateLoader.findTemplateSource("spark/partials/navbar_en.ftl"): Not found
2022-03-11 19:08:40,726 DEBUG [main] cache:45 - TemplateLoader.findTemplateSource("spark/partials/navbar.ftl"): Found
2022-03-11 19:08:40,726 DEBUG [main] cache:45 - Loading template for "spark/partials/navbar.ftl"("en_GB", UTF-8, parsed) from "jar:file:/C:/Users/mraje/.m2/repository/com/aventstack/extentreports/5.0.5/extentreports-5.0.5.jar!/com/aventstack/extentreports/templates/spark/partials/navbar.ftl"
2022-03-11 19:08:40,726 DEBUG [main] cache:45 - Couldn't find template in cache for "spark/partials/sidenav.ftl"("en_GB", UTF-8, parsed); will try to load it.
2022-03-11 19:08:40,726 DEBUG [main] cache:45 - TemplateLoader.findTemplateSource("spark/partials/sidenav_en_GB.ftl"): Not found
2022-03-11 19:08:40,726 DEBUG [main] cache:45 - TemplateLoader.findTemplateSource("spark/partials/sidenav_en.ftl"): Not found
2022-03-11 19:08:40,726 DEBUG [main] cache:45 - TemplateLoader.findTemplateSource("spark/partials/sidenav.ftl"): Found
2022-03-11 19:08:40,726 DEBUG [main] cache:45 - Loading template for "spark/partials/sidenav.ftl"("en_GB", UTF-8, parsed) from "jar:file:/C:/Users/mraje/.m2/repository/com/aventstack/extentreports/5.0.5/extentreports-5.0.5.jar!/com/aventstack/extentreports/templates/spark/partials/sidenav.ftl"
2022-03-11 19:08:40,741 DEBUG [main] cache:45 - Couldn't find template in cache for "spark/partials/test.ftl"("en_GB", UTF-8, parsed); will try to load it.
2022-03-11 19:08:40,741 DEBUG [main] cache:45 - TemplateLoader.findTemplateSource("spark/partials/test_en_GB.ftl"): Not found
2022-03-11 19:08:40,741 DEBUG [main] cache:45 - TemplateLoader.findTemplateSource("spark/partials/test_en.ftl"): Not found
2022-03-11 19:08:40,741 DEBUG [main] cache:45 - TemplateLoader.findTemplateSource("spark/partials/test.ftl"): Found
2022-03-11 19:08:40,741 DEBUG [main] cache:45 - Loading template for "spark/partials/test.ftl"("en_GB", UTF-8, parsed) from "jar:file:/C:/Users/mraje/.m2/repository/com/aventstack/extentreports/5.0.5/extentreports-5.0.5.jar!/com/aventstack/extentreports/templates/spark/partials/test.ftl"
2022-03-11 19:08:40,741 DEBUG [main] cache:45 - Couldn't find template in cache for "spark/partials/standard-content.ftl"("en_GB", UTF-8, parsed); will try to load it.
2022-03-11 19:08:40,757 DEBUG [main] cache:45 - TemplateLoader.findTemplateSource("spark/partials/standard-content_en_GB.ftl"): Not found
2022-03-11 19:08:40,757 DEBUG [main] cache:45 - TemplateLoader.findTemplateSource("spark/partials/standard-content_en.ftl"): Not found
2022-03-11 19:08:40,757 DEBUG [main] cache:45 - TemplateLoader.findTemplateSource("spark/partials/standard-content.ftl"): Found
2022-03-11 19:08:40,757 DEBUG [main] cache:45 - Loading template for "spark/partials/standard-content.ftl"("en_GB", UTF-8, parsed) from "jar:file:/C:/Users/mraje/.m2/repository/com/aventstack/extentreports/5.0.5/extentreports-5.0.5.jar!/com/aventstack/extentreports/templates/spark/partials/standard-content.ftl"
2022-03-11 19:08:40,757 DEBUG [main] cache:45 - "spark/partials/standard-content.ftl"("en_GB", UTF-8, parsed) cached copy not yet stale; using cached.
2022-03-11 19:08:40,757 DEBUG [main] cache:45 - "spark/partials/standard-content.ftl"("en_GB", UTF-8, parsed) cached copy not yet stale; using cached.
2022-03-11 19:08:40,757 DEBUG [main] cache:45 - "spark/partials/standard-content.ftl"("en_GB", UTF-8, parsed) cached copy not yet stale; using cached.
2022-03-11 19:08:40,757 DEBUG [main] cache:45 - "spark/partials/standard-content.ftl"("en_GB", UTF-8, parsed) cached copy not yet stale; using cached.
2022-03-11 19:08:40,757 DEBUG [main] cache:45 - "spark/partials/standard-content.ftl"("en_GB", UTF-8, parsed) cached copy not yet stale; using cached.
2022-03-11 19:08:40,757 DEBUG [main] cache:45 - "spark/partials/standard-content.ftl"("en_GB", UTF-8, parsed) cached copy not yet stale; using cached.
2022-03-11 19:08:40,757 DEBUG [main] cache:45 - "spark/partials/standard-content.ftl"("en_GB", UTF-8, parsed) cached copy not yet stale; using cached.
2022-03-11 19:08:40,757 DEBUG [main] cache:45 - "spark/partials/standard-content.ftl"("en_GB", UTF-8, parsed) cached copy not yet stale; using cached.
2022-03-11 19:08:40,757 DEBUG [main] cache:45 - "spark/partials/standard-content.ftl"("en_GB", UTF-8, parsed) cached copy not yet stale; using cached.
2022-03-11 19:08:40,773 DEBUG [main] cache:45 - "spark/partials/standard-content.ftl"("en_GB", UTF-8, parsed) cached copy not yet stale; using cached.
2022-03-11 19:08:40,773 DEBUG [main] cache:45 - "spark/partials/standard-content.ftl"("en_GB", UTF-8, parsed) cached copy not yet stale; using cached.
2022-03-11 19:08:40,773 DEBUG [main] cache:45 - "spark/partials/standard-content.ftl"("en_GB", UTF-8, parsed) cached copy not yet stale; using cached.
2022-03-11 19:08:40,773 DEBUG [main] cache:45 - "spark/partials/standard-content.ftl"("en_GB", UTF-8, parsed) cached copy not yet stale; using cached.
2022-03-11 19:08:40,773 DEBUG [main] cache:45 - "spark/partials/standard-content.ftl"("en_GB", UTF-8, parsed) cached copy not yet stale; using cached.
2022-03-11 19:08:40,773 DEBUG [main] cache:45 - "spark/partials/standard-content.ftl"("en_GB", UTF-8, parsed) cached copy not yet stale; using cached.
2022-03-11 19:08:40,773 DEBUG [main] cache:45 - "spark/partials/standard-content.ftl"("en_GB", UTF-8, parsed) cached copy not yet stale; using cached.
2022-03-11 19:08:40,773 DEBUG [main] cache:45 - "spark/partials/standard-content.ftl"("en_GB", UTF-8, parsed) cached copy not yet stale; using cached.
2022-03-11 19:08:40,773 DEBUG [main] cache:45 - "spark/partials/standard-content.ftl"("en_GB", UTF-8, parsed) cached copy not yet stale; using cached.
2022-03-11 19:08:40,773 DEBUG [main] cache:45 - Couldn't find template in cache for "spark/partials/exception.ftl"("en_GB", UTF-8, parsed); will try to load it.
2022-03-11 19:08:40,773 DEBUG [main] cache:45 - TemplateLoader.findTemplateSource("spark/partials/exception_en_GB.ftl"): Not found
2022-03-11 19:08:40,773 DEBUG [main] cache:45 - TemplateLoader.findTemplateSource("spark/partials/exception_en.ftl"): Not found
2022-03-11 19:08:40,773 DEBUG [main] cache:45 - TemplateLoader.findTemplateSource("spark/partials/exception.ftl"): Found
2022-03-11 19:08:40,788 DEBUG [main] cache:45 - Loading template for "spark/partials/exception.ftl"("en_GB", UTF-8, parsed) from "jar:file:/C:/Users/mraje/.m2/repository/com/aventstack/extentreports/5.0.5/extentreports-5.0.5.jar!/com/aventstack/extentreports/templates/spark/partials/exception.ftl"
2022-03-11 19:08:40,788 DEBUG [main] cache:45 - Couldn't find template in cache for "spark/partials/category.ftl"("en_GB", UTF-8, parsed); will try to load it.
2022-03-11 19:08:40,788 DEBUG [main] cache:45 - TemplateLoader.findTemplateSource("spark/partials/category_en_GB.ftl"): Not found
2022-03-11 19:08:40,788 DEBUG [main] cache:45 - TemplateLoader.findTemplateSource("spark/partials/category_en.ftl"): Not found
2022-03-11 19:08:40,788 DEBUG [main] cache:45 - TemplateLoader.findTemplateSource("spark/partials/category.ftl"): Found
2022-03-11 19:08:40,788 DEBUG [main] cache:45 - Loading template for "spark/partials/category.ftl"("en_GB", UTF-8, parsed) from "jar:file:/C:/Users/mraje/.m2/repository/com/aventstack/extentreports/5.0.5/extentreports-5.0.5.jar!/com/aventstack/extentreports/templates/spark/partials/category.ftl"
2022-03-11 19:08:40,788 DEBUG [main] cache:45 - Couldn't find template in cache for "spark/partials/device.ftl"("en_GB", UTF-8, parsed); will try to load it.
2022-03-11 19:08:40,788 DEBUG [main] cache:45 - TemplateLoader.findTemplateSource("spark/partials/device_en_GB.ftl"): Not found
2022-03-11 19:08:40,788 DEBUG [main] cache:45 - TemplateLoader.findTemplateSource("spark/partials/device_en.ftl"): Not found
2022-03-11 19:08:40,788 DEBUG [main] cache:45 - TemplateLoader.findTemplateSource("spark/partials/device.ftl"): Found
2022-03-11 19:08:40,788 DEBUG [main] cache:45 - Loading template for "spark/partials/device.ftl"("en_GB", UTF-8, parsed) from "jar:file:/C:/Users/mraje/.m2/repository/com/aventstack/extentreports/5.0.5/extentreports-5.0.5.jar!/com/aventstack/extentreports/templates/spark/partials/device.ftl"
2022-03-11 19:08:40,788 DEBUG [main] cache:45 - Couldn't find template in cache for "spark/partials/author.ftl"("en_GB", UTF-8, parsed); will try to load it.
2022-03-11 19:08:40,788 DEBUG [main] cache:45 - TemplateLoader.findTemplateSource("spark/partials/author_en_GB.ftl"): Not found
2022-03-11 19:08:40,788 DEBUG [main] cache:45 - TemplateLoader.findTemplateSource("spark/partials/author_en.ftl"): Not found
2022-03-11 19:08:40,788 DEBUG [main] cache:45 - TemplateLoader.findTemplateSource("spark/partials/author.ftl"): Found
2022-03-11 19:08:40,788 DEBUG [main] cache:45 - Loading template for "spark/partials/author.ftl"("en_GB", UTF-8, parsed) from "jar:file:/C:/Users/mraje/.m2/repository/com/aventstack/extentreports/5.0.5/extentreports-5.0.5.jar!/com/aventstack/extentreports/templates/spark/partials/author.ftl"
2022-03-11 19:08:40,788 DEBUG [main] cache:45 - Couldn't find template in cache for "spark/partials/log.ftl"("en_GB", UTF-8, parsed); will try to load it.
2022-03-11 19:08:40,788 DEBUG [main] cache:45 - TemplateLoader.findTemplateSource("spark/partials/log_en_GB.ftl"): Not found
2022-03-11 19:08:40,788 DEBUG [main] cache:45 - TemplateLoader.findTemplateSource("spark/partials/log_en.ftl"): Not found
2022-03-11 19:08:40,788 DEBUG [main] cache:45 - TemplateLoader.findTemplateSource("spark/partials/log.ftl"): Found
2022-03-11 19:08:40,788 DEBUG [main] cache:45 - Loading template for "spark/partials/log.ftl"("en_GB", UTF-8, parsed) from "jar:file:/C:/Users/mraje/.m2/repository/com/aventstack/extentreports/5.0.5/extentreports-5.0.5.jar!/com/aventstack/extentreports/templates/spark/partials/log.ftl"
2022-03-11 19:08:40,788 DEBUG [main] cache:45 - Couldn't find template in cache for "spark/partials/dashboard.ftl"("en_GB", UTF-8, parsed); will try to load it.
2022-03-11 19:08:40,788 DEBUG [main] cache:45 - TemplateLoader.findTemplateSource("spark/partials/dashboard_en_GB.ftl"): Not found
2022-03-11 19:08:40,788 DEBUG [main] cache:45 - TemplateLoader.findTemplateSource("spark/partials/dashboard_en.ftl"): Not found
2022-03-11 19:08:40,788 DEBUG [main] cache:45 - TemplateLoader.findTemplateSource("spark/partials/dashboard.ftl"): Found
2022-03-11 19:08:40,788 DEBUG [main] cache:45 - Loading template for "spark/partials/dashboard.ftl"("en_GB", UTF-8, parsed) from "jar:file:/C:/Users/mraje/.m2/repository/com/aventstack/extentreports/5.0.5/extentreports-5.0.5.jar!/com/aventstack/extentreports/templates/spark/partials/dashboard.ftl"
2022-03-11 19:08:40,819 DEBUG [main] cache:45 - Couldn't find template in cache for "spark/partials/scripts.ftl"("en_GB", UTF-8, parsed); will try to load it.
2022-03-11 19:08:40,819 DEBUG [main] cache:45 - TemplateLoader.findTemplateSource("spark/partials/scripts_en_GB.ftl"): Not found
2022-03-11 19:08:40,819 DEBUG [main] cache:45 - TemplateLoader.findTemplateSource("spark/partials/scripts_en.ftl"): Not found
2022-03-11 19:08:40,835 DEBUG [main] cache:45 - TemplateLoader.findTemplateSource("spark/partials/scripts.ftl"): Found
2022-03-11 19:08:40,835 DEBUG [main] cache:45 - Loading template for "spark/partials/scripts.ftl"("en_GB", UTF-8, parsed) from "jar:file:/C:/Users/mraje/.m2/repository/com/aventstack/extentreports/5.0.5/extentreports-5.0.5.jar!/com/aventstack/extentreports/templates/spark/partials/scripts.ftl"
2022-03-11 19:08:40,837 DEBUG [main] cache:45 - Couldn't find template in cache for "commons/commons-inject-js.ftl"("en_GB", UTF-8, parsed); will try to load it.
2022-03-11 19:08:40,837 DEBUG [main] cache:45 - TemplateLoader.findTemplateSource("commons/commons-inject-js_en_GB.ftl"): Not found
2022-03-11 19:08:40,838 DEBUG [main] cache:45 - TemplateLoader.findTemplateSource("commons/commons-inject-js_en.ftl"): Not found
2022-03-11 19:08:40,839 DEBUG [main] cache:45 - TemplateLoader.findTemplateSource("commons/commons-inject-js.ftl"): Found
2022-03-11 19:08:40,839 DEBUG [main] cache:45 - Loading template for "commons/commons-inject-js.ftl"("en_GB", UTF-8, parsed) from "jar:file:/C:/Users/mraje/.m2/repository/com/aventstack/extentreports/5.0.5/extentreports-5.0.5.jar!/com/aventstack/extentreports/templates/commons/commons-inject-js.ftl"
